[     134ms] [INFO] %cDownload the React DevTools for a better development experience: https://react.dev/link/react-devtools font-weight:bold @ http://localhost:3000/_next/static/chunks/0184_next_dist_0f_5o9j._.js:2431
[     147ms] [LOG] [HMR] connected @ http://localhost:3000/_next/static/chunks/0184_next_dist_0f_5o9j._.js:2431
[     223ms] [ERROR] Access to fetch at 'http://localhost:8000/api/training/2d47cda2/confusion-matrix' from origin 'http://localhost:3000' has been blocked by CORS policy: No 'Access-Control-Allow-Origin' header is present on the requested resource. @ http://localhost:3000/studio?dataset=8215748d&training=2d47cda2:0
[     223ms] [ERROR] Failed to load resource: net::ERR_FAILED @ http://localhost:8000/api/training/2d47cda2/confusion-matrix:0
[     455ms] TypeError: Failed to fetch
    at fetchJSON (http://localhost:3000/_next/static/chunks/ml-studio_frontend_0me3oqs._.js:337:23)
    at getConfusionMatrix (http://localhost:3000/_next/static/chunks/ml-studio_frontend_0me3oqs._.js:389:12)
    at ConfusionMatrix.useEffect (http://localhost:3000/_next/static/chunks/ml-studio_frontend_0me3oqs._.js:2717:177)
    at Object.react_stack_bottom_frame (http://localhost:3000/_next/static/chunks/0184_next_dist_compiled_react-dom_0kvh2j~._.js:15087:22)
    at runWithFiberInDEV (http://localhost:3000/_next/static/chunks/0184_next_dist_compiled_react-dom_0kvh2j~._.js:965:74)
    at commitHookEffectListMount (http://localhost:3000/_next/static/chunks/0184_next_dist_compiled_react-dom_0kvh2j~._.js:7255:167)
    at commitHookPassiveMountEffects (http://localhost:3000/_next/static/chunks/0184_next_dist_compiled_react-dom_0kvh2j~._.js:7290:60)
    at commitPassiveMountOnFiber (http://localhost:3000/_next/static/chunks/0184_next_dist_compiled_react-dom_0kvh2j~._.js:8689:33)
    at recursivelyTraversePassiveMountEffects (http://localhost:3000/_next/static/chunks/0184_next_dist_compiled_react-dom_0kvh2j~._.js:8676:316)
    at commitPassiveMountOnFiber (http://localhost:3000/_next/static/chunks/0184_next_dist_compiled_react-dom_0kvh2j~._.js:8750:17)
    at recursivelyTraversePassiveMountEffects (http://localhost:3000/_next/static/chunks/0184_next_dist_compiled_react-dom_0kvh2j~._.js:8676:316)
    at commitPassiveMountOnFiber (http://localhost:3000/_next/static/chunks/0184_next_dist_compiled_react-dom_0kvh2j~._.js:8750:17)
    at recursivelyTraversePassiveMountEffects (http://localhost:3000/_next/static/chunks/0184_next_dist_compiled_react-dom_0kvh2j~._.js:8676:316)
    at commitPassiveMountOnFiber (http://localhost:3000/_next/static/chunks/0184_next_dist_compiled_react-dom_0kvh2j~._.js:8750:17)
    at recursivelyTraversePassiveMountEffects (http://localhost:3000/_next/static/chunks/0184_next_dist_compiled_react-dom_0kvh2j~._.js:8676:316)
    at commitPassiveMountOnFiber (http://localhost:3000/_next/static/chunks/0184_next_dist_compiled_react-dom_0kvh2j~._.js:8750:17)
    at recursivelyTraversePassiveMountEffects (http://localhost:3000/_next/static/chunks/0184_next_dist_compiled_react-dom_0kvh2j~._.js:8676:316)
    at commitPassiveMountOnFiber (http://localhost:3000/_next/static/chunks/0184_next_dist_compiled_react-dom_0kvh2j~._.js:8688:17)
    at recursivelyTraversePassiveMountEffects (http://localhost:3000/_next/static/chunks/0184_next_dist_compiled_react-dom_0kvh2j~._.js:8676:316)
    at commitPassiveMountOnFiber (http://localhost:3000/_next/static/chunks/0184_next_dist_compiled_react-dom_0kvh2j~._.js:8750:17)
    at recursivelyTraversePassiveMountEffects (http://localhost:3000/_next/static/chunks/0184_next_dist_compiled_react-dom_0kvh2j~._.js:8676:316)
    at commitPassiveMountOnFiber (http://localhost:3000/_next/static/chunks/0184_next_dist_compiled_react-dom_0kvh2j~._.js:8688:17)
    at recursivelyTraversePassiveMountEffects (http://localhost:3000/_next/static/chunks/0184_next_dist_compiled_react-dom_0kvh2j~._.js:8676:316)
    at commitPassiveMountOnFiber (http://localhost:3000/_next/static/chunks/0184_next_dist_compiled_react-dom_0kvh2j~._.js:8688:17)
    at recursivelyTraversePassiveMountEffects (http://localhost:3000/_next/static/chunks/0184_next_dist_compiled_react-dom_0kvh2j~._.js:8676:316)
    at commitPassiveMountOnFiber (http://localhost:3000/_next/static/chunks/0184_next_dist_compiled_react-dom_0kvh2j~._.js:8688:17)
    at recursivelyTraversePassiveMountEffects (http://localhost:3000/_next/static/chunks/0184_next_dist_compiled_react-dom_0kvh2j~._.js:8676:316)
    at commitPassiveMountOnFiber (http://localhost:3000/_next/static/chunks/0184_next_dist_compiled_react-dom_0kvh2j~._.js:8688:17)
    at recursivelyTraversePassiveMountEffects (http://localhost:3000/_next/static/chunks/0184_next_dist_compiled_react-dom_0kvh2j~._.js:8676:316)
    at commitPassiveMountOnFiber (http://localhost:3000/_next/static/chunks/0184_next_dist_compiled_react-dom_0kvh2j~._.js:8750:17)
    at recursivelyTraversePassiveMountEffects (http://localhost:3000/_next/static/chunks/0184_next_dist_compiled_react-dom_0kvh2j~._.js:8676:316)
    at commitPassiveMountOnFiber (http://localhost:3000/_next/static/chunks/0184_next_dist_compiled_react-dom_0kvh2j~._.js:8750:17)
    at recursivelyTraversePassiveMountEffects (http://localhost:3000/_next/static/chunks/0184_next_dist_compiled_react-dom_0kvh2j~._.js:8676:316)
    at commitPassiveMountOnFiber (http://localhost:3000/_next/static/chunks/0184_next_dist_compiled_react-dom_0kvh2j~._.js:8688:17)
    at recursivelyTraversePassiveMountEffects (http://localhost:3000/_next/static/chunks/0184_next_dist_compiled_react-dom_0kvh2j~._.js:8676:316)
    at commitPassiveMountOnFiber (http://localhost:3000/_next/static/chunks/0184_next_dist_compiled_react-dom_0kvh2j~._.js:8693:17)
    at recursivelyTraversePassiveMountEffects (http://localhost:3000/_next/static/chunks/0184_next_dist_compiled_react-dom_0kvh2j~._.js:8676:316)
    at commitPassiveMountOnFiber (http://localhost:3000/_next/static/chunks/0184_next_dist_compiled_react-dom_0kvh2j~._.js:8688:17)
    at recursivelyTraversePassiveMountEffects (http://localhost:3000/_next/static/chunks/0184_next_dist_compiled_react-dom_0kvh2j~._.js:8676:316)
    at commitPassiveMountOnFiber (http://localhost:3000/_next/static/chunks/0184_next_dist_compiled_react-dom_0kvh2j~._.js:8688:17)
    at recursivelyTraversePassiveMountEffects (http://localhost:3000/_next/static/chunks/0184_next_dist_compiled_react-dom_0kvh2j~._.js:8676:316)
    at commitPassiveMountOnFiber (http://localhost:3000/_next/static/chunks/0184_next_dist_compiled_react-dom_0kvh2j~._.js:8688:17)
    at recursivelyTraversePassiveMountEffects (http://localhost:3000/_next/static/chunks/0184_next_dist_compiled_react-dom_0kvh2j~._.js:8676:316)
    at commitPassiveMountOnFiber (http://localhost:3000/_next/static/chunks/0184_next_dist_compiled_react-dom_0kvh2j~._.js:8688:17)
    at recursivelyTraversePassiveMountEffects (http://localhost:3000/_next/static/chunks/0184_next_dist_compiled_react-dom_0kvh2j~._.js:8676:316)
    at commitPassiveMountOnFiber (http://localhost:3000/_next/static/chunks/0184_next_dist_compiled_react-dom_0kvh2j~._.js:8693:17)
    at recursivelyTraversePassiveMountEffects (http://localhost:3000/_next/static/chunks/0184_next_dist_compiled_react-dom_0kvh2j~._.js:8676:316)
    at commitPassiveMountOnFiber (http://localhost:3000/_next/static/chunks/0184_next_dist_compiled_react-dom_0kvh2j~._.js:8688:17)
    at recursivelyTraversePassiveMountEffects (http://localhost:3000/_next/static/chunks/0184_next_dist_compiled_react-dom_0kvh2j~._.js:8676:316)
    at commitPassiveMountOnFiber (http://localhost:3000/_next/static/chunks/0184_next_dist_compiled_react-dom_0kvh2j~._.js:8688:17)
[     241ms] [ERROR] Access to fetch at 'http://localhost:8000/api/training/2d47cda2/confusion-matrix' from origin 'http://localhost:3000' has been blocked by CORS policy: No 'Access-Control-Allow-Origin' header is present on the requested resource. @ http://localhost:3000/studio?dataset=8215748d&training=2d47cda2:0
[     241ms] [ERROR] Failed to load resource: net::ERR_FAILED @ http://localhost:8000/api/training/2d47cda2/confusion-matrix:0
[     457ms] TypeError: Failed to fetch
    at fetchJSON (http://localhost:3000/_next/static/chunks/ml-studio_frontend_0me3oqs._.js:337:23)
    at getConfusionMatrix (http://localhost:3000/_next/static/chunks/ml-studio_frontend_0me3oqs._.js:389:12)
    at ConfusionMatrix.useEffect (http://localhost:3000/_next/static/chunks/ml-studio_frontend_0me3oqs._.js:2717:177)
    at Object.react_stack_bottom_frame (http://localhost:3000/_next/static/chunks/0184_next_dist_compiled_react-dom_0kvh2j~._.js:15087:22)
    at runWithFiberInDEV (http://localhost:3000/_next/static/chunks/0184_next_dist_compiled_react-dom_0kvh2j~._.js:965:74)
    at commitHookEffectListMount (http://localhost:3000/_next/static/chunks/0184_next_dist_compiled_react-dom_0kvh2j~._.js:7255:167)
    at commitHookPassiveMountEffects (http://localhost:3000/_next/static/chunks/0184_next_dist_compiled_react-dom_0kvh2j~._.js:7290:60)
    at reconnectPassiveEffects (http://localhost:3000/_next/static/chunks/0184_next_dist_compiled_react-dom_0kvh2j~._.js:8779:17)
    at recursivelyTraverseReconnectPassiveEffects (http://localhost:3000/_next/static/chunks/0184_next_dist_compiled_react-dom_0kvh2j~._.js:8766:13)
    at reconnectPassiveEffects (http://localhost:3000/_next/static/chunks/0184_next_dist_compiled_react-dom_0kvh2j~._.js:8793:17)
    at doubleInvokeEffectsOnFiber (http://localhost:3000/_next/static/chunks/0184_next_dist_compiled_react-dom_0kvh2j~._.js:10117:133)
    at runWithFiberInDEV (http://localhost:3000/_next/static/chunks/0184_next_dist_compiled_react-dom_0kvh2j~._.js:965:74)
    at recursivelyTraverseAndDoubleInvokeEffectsInDEV (http://localhost:3000/_next/static/chunks/0184_next_dist_compiled_react-dom_0kvh2j~._.js:10110:79)
    at recursivelyTraverseAndDoubleInvokeEffectsInDEV (http://localhost:3000/_next/static/chunks/0184_next_dist_compiled_react-dom_0kvh2j~._.js:10110:147)
    at recursivelyTraverseAndDoubleInvokeEffectsInDEV (http://localhost:3000/_next/static/chunks/0184_next_dist_compiled_react-dom_0kvh2j~._.js:10110:147)
    at recursivelyTraverseAndDoubleInvokeEffectsInDEV (http://localhost:3000/_next/static/chunks/0184_next_dist_compiled_react-dom_0kvh2j~._.js:10110:147)
    at recursivelyTraverseAndDoubleInvokeEffectsInDEV (http://localhost:3000/_next/static/chunks/0184_next_dist_compiled_react-dom_0kvh2j~._.js:10110:147)
    at recursivelyTraverseAndDoubleInvokeEffectsInDEV (http://localhost:3000/_next/static/chunks/0184_next_dist_compiled_react-dom_0kvh2j~._.js:10110:147)
    at recursivelyTraverseAndDoubleInvokeEffectsInDEV (http://localhost:3000/_next/static/chunks/0184_next_dist_compiled_react-dom_0kvh2j~._.js:10110:147)
    at recursivelyTraverseAndDoubleInvokeEffectsInDEV (http://localhost:3000/_next/static/chunks/0184_next_dist_compiled_react-dom_0kvh2j~._.js:10110:147)
    at recursivelyTraverseAndDoubleInvokeEffectsInDEV (http://localhost:3000/_next/static/chunks/0184_next_dist_compiled_react-dom_0kvh2j~._.js:10110:147)
    at recursivelyTraverseAndDoubleInvokeEffectsInDEV (http://localhost:3000/_next/static/chunks/0184_next_dist_compiled_react-dom_0kvh2j~._.js:10110:147)
    at recursivelyTraverseAndDoubleInvokeEffectsInDEV (http://localhost:3000/_next/static/chunks/0184_next_dist_compiled_react-dom_0kvh2j~._.js:10110:147)
    at recursivelyTraverseAndDoubleInvokeEffectsInDEV (http://localhost:3000/_next/static/chunks/0184_next_dist_compiled_react-dom_0kvh2j~._.js:10110:147)
    at recursivelyTraverseAndDoubleInvokeEffectsInDEV (http://localhost:3000/_next/static/chunks/0184_next_dist_compiled_react-dom_0kvh2j~._.js:10110:147)
    at recursivelyTraverseAndDoubleInvokeEffectsInDEV (http://localhost:3000/_next/static/chunks/0184_next_dist_compiled_react-dom_0kvh2j~._.js:10110:147)
    at recursivelyTraverseAndDoubleInvokeEffectsInDEV (http://localhost:3000/_next/static/chunks/0184_next_dist_compiled_react-dom_0kvh2j~._.js:10110:147)
    at recursivelyTraverseAndDoubleInvokeEffectsInDEV (http://localhost:3000/_next/static/chunks/0184_next_dist_compiled_react-dom_0kvh2j~._.js:10110:147)
    at recursivelyTraverseAndDoubleInvokeEffectsInDEV (http://localhost:3000/_next/static/chunks/0184_next_dist_compiled_react-dom_0kvh2j~._.js:10110:147)
    at recursivelyTraverseAndDoubleInvokeEffectsInDEV (http://localhost:3000/_next/static/chunks/0184_next_dist_compiled_react-dom_0kvh2j~._.js:10110:147)
    at recursivelyTraverseAndDoubleInvokeEffectsInDEV (http://localhost:3000/_next/static/chunks/0184_next_dist_compiled_react-dom_0kvh2j~._.js:10110:147)
    at recursivelyTraverseAndDoubleInvokeEffectsInDEV (http://localhost:3000/_next/static/chunks/0184_next_dist_compiled_react-dom_0kvh2j~._.js:10110:147)
    at recursivelyTraverseAndDoubleInvokeEffectsInDEV (http://localhost:3000/_next/static/chunks/0184_next_dist_compiled_react-dom_0kvh2j~._.js:10110:147)
    at recursivelyTraverseAndDoubleInvokeEffectsInDEV (http://localhost:3000/_next/static/chunks/0184_next_dist_compiled_react-dom_0kvh2j~._.js:10110:147)
    at recursivelyTraverseAndDoubleInvokeEffectsInDEV (http://localhost:3000/_next/static/chunks/0184_next_dist_compiled_react-dom_0kvh2j~._.js:10110:147)
    at recursivelyTraverseAndDoubleInvokeEffectsInDEV (http://localhost:3000/_next/static/chunks/0184_next_dist_compiled_react-dom_0kvh2j~._.js:10110:147)
    at recursivelyTraverseAndDoubleInvokeEffectsInDEV (http://localhost:3000/_next/static/chunks/0184_next_dist_compiled_react-dom_0kvh2j~._.js:10110:147)
    at recursivelyTraverseAndDoubleInvokeEffectsInDEV (http://localhost:3000/_next/static/chunks/0184_next_dist_compiled_react-dom_0kvh2j~._.js:10110:147)
    at recursivelyTraverseAndDoubleInvokeEffectsInDEV (http://localhost:3000/_next/static/chunks/0184_next_dist_compiled_react-dom_0kvh2j~._.js:10110:147)
    at recursivelyTraverseAndDoubleInvokeEffectsInDEV (http://localhost:3000/_next/static/chunks/0184_next_dist_compiled_react-dom_0kvh2j~._.js:10110:147)
    at recursivelyTraverseAndDoubleInvokeEffectsInDEV (http://localhost:3000/_next/static/chunks/0184_next_dist_compiled_react-dom_0kvh2j~._.js:10110:147)
    at recursivelyTraverseAndDoubleInvokeEffectsInDEV (http://localhost:3000/_next/static/chunks/0184_next_dist_compiled_react-dom_0kvh2j~._.js:10110:147)
    at recursivelyTraverseAndDoubleInvokeEffectsInDEV (http://localhost:3000/_next/static/chunks/0184_next_dist_compiled_react-dom_0kvh2j~._.js:10110:147)
    at recursivelyTraverseAndDoubleInvokeEffectsInDEV (http://localhost:3000/_next/static/chunks/0184_next_dist_compiled_react-dom_0kvh2j~._.js:10110:147)
    at recursivelyTraverseAndDoubleInvokeEffectsInDEV (http://localhost:3000/_next/static/chunks/0184_next_dist_compiled_react-dom_0kvh2j~._.js:10110:147)
    at recursivelyTraverseAndDoubleInvokeEffectsInDEV (http://localhost:3000/_next/static/chunks/0184_next_dist_compiled_react-dom_0kvh2j~._.js:10110:147)
    at recursivelyTraverseAndDoubleInvokeEffectsInDEV (http://localhost:3000/_next/static/chunks/0184_next_dist_compiled_react-dom_0kvh2j~._.js:10110:147)
    at recursivelyTraverseAndDoubleInvokeEffectsInDEV (http://localhost:3000/_next/static/chunks/0184_next_dist_compiled_react-dom_0kvh2j~._.js:10110:147)
    at recursivelyTraverseAndDoubleInvokeEffectsInDEV (http://localhost:3000/_next/static/chunks/0184_next_dist_compiled_react-dom_0kvh2j~._.js:10110:147)
    at recursivelyTraverseAndDoubleInvokeEffectsInDEV (http://localhost:3000/_next/static/chunks/0184_next_dist_compiled_react-dom_0kvh2j~._.js:10110:147)
